[hirelanes.netlify.app/index.html]
[hirelanes.netlify.app/assets/css/bootstrap.min.css]
[hirelanes.netlify.app/assets/css/meanmenu.css]
[hirelanes.netlify.app/assets/css/nice-select.min.css]
[hirelanes.netlify.app/assets/css/boxicons.min.css]
[hirelanes.netlify.app/assets/fonts/flaticon.css]
[hirelanes.netlify.app/assets/css/magnific-popup.min.css]
[hirelanes.netlify.app/assets/css/odometer.min.css]
[hirelanes.netlify.app/assets/css/owl.carousel.min.css]
[hirelanes.netlify.app/assets/css/animate.min.css]
[hirelanes.netlify.app/assets/css/style.css]
[hirelanes.netlify.app/assets/css/responsive.css]
[backblue.gif]
[fade.gif]
[index.html]
[hirelanes.netlify.app/assets/css/theme-dark.css]
[hirelanes.netlify.app/assets/img/favicon.png]
[hirelanes.netlify.app/assets/img/logo-three.png]
[hirelanes.netlify.app/jobs.html]
[hirelanes.netlify.app/pricing.html]
[hirelanes.netlify.app/faq.html]
[hirelanes.netlify.app/privacy-policy.html]
[hirelanes.netlify.app/terms-conditions.html]
[hirelanes.netlify.app/contact.html]
[hirelanes.netlify.app/about.html]
[hirelanes.netlify.app/assets/img/home-one/banner/shape-bottom.png]
[hirelanes.netlify.app/assets/img/home-one/banner/banner-main.jpg]
[hirelanes.netlify.app/assets/img/home-one/banner/banner1.png]
[hirelanes.netlify.app/assets/img/home-one/banner/banner3.png]
[hirelanes.netlify.app/assets/img/home-one/banner/banner4.png]
[hirelanes.netlify.app/assets/img/home-one/banner/banner5.png]
[hirelanes.netlify.app/assets/img/home-one/banner/banner6.png]
[hirelanes.netlify.app/assets/img/home-one/banner/banner7.png]
[hirelanes.netlify.app/assets/img/home-one/banner/banner8.png]
[hirelanes.netlify.app/assets/img/home-one/banner/banner9.png]
[hirelanes.netlify.app/assets/img/home-one/banner/banner10.jpg]
[hirelanes.netlify.app/assets/img/home-one/banner/banner11.png]
[hirelanes.netlify.app/assets/img/home-one/banner/banner12.png]
[hirelanes.netlify.app/assets/img/home-one/banner/banner13.png]
[hirelanes.netlify.app/assets/img/home-one/banner/banner2.png]
[hirelanes.netlify.app/assets/img/home-three/system1.png]
[hirelanes.netlify.app/assets/img/home-three/system2.png]
[hirelanes.netlify.app/assets/img/home-three/title-img-two.png]
[hirelanes.netlify.app/assets/img/home-three/title-img.png]
[hirelanes.netlify.app/candidate-details.html]
[hirelanes.netlify.app/assets/img/home-one/location1.jpg]
[hirelanes.netlify.app/assets/img/home-one/location2.jpg]
[hirelanes.netlify.app/assets/img/home-one/location3.jpg]
[hirelanes.netlify.app/assets/img/home-one/location4.jpg]
[hirelanes.netlify.app/assets/img/home-one/location5.jpg]
[hirelanes.netlify.app/company-login.html]
[hirelanes.netlify.app/assets/img/home-three/feature1.png]
[hirelanes.netlify.app/assets/img/home-three/feature2.png]
[hirelanes.netlify.app/assets/img/home-three/feature3.png]
[hirelanes.netlify.app/assets/img/home-three/feature4.png]
[hirelanes.netlify.app/assets/img/home-three/feature5.png]
[hirelanes.netlify.app/assets/img/home-three/feature6.png]
[hirelanes.netlify.app/network_error.html]
[hirelanes.netlify.app/job-details.html]
[hirelanes.netlify.app/assets/js/jquery.min.js]
[hirelanes.netlify.app/assets/js/bootstrap.bundle.min.js]
[hirelanes.netlify.app/assets/js/form-validator.min.js]
[hirelanes.netlify.app/assets/js/contact-form-script.js]
[hirelanes.netlify.app/assets/js/jquery.ajaxchimp.min.js]
[hirelanes.netlify.app/assets/js/jquery.meanmenu.js]
[hirelanes.netlify.app/assets/js/jquery.nice-select.min.js]
[hirelanes.netlify.app/assets/js/jquery.mixitup.min.js]
[hirelanes.netlify.app/assets/js/jquery.magnific-popup.min.js]
[hirelanes.netlify.app/assets/js/odometer.min.js]
[hirelanes.netlify.app/assets/js/jquery.appear.js]
[hirelanes.netlify.app/assets/js/owl.carousel.min.js]
[hirelanes.netlify.app/assets/js/progressbar.min.js]
[hirelanes.netlify.app/assets/js/custom.js]
[hirelanes.netlify.app/assets/js/main.js]
[hirelanes.netlify.app/js/candidate-detail.js]
[hirelanes.netlify.app/index.html]
[hirelanes.netlify.app/assets/css/bootstrap.min.css]
[hirelanes.netlify.app/assets/css/meanmenu.css]
[hirelanes.netlify.app/assets/css/nice-select.min.css]
[sdk.amazonaws.com/js/aws-sdk-2.1.12.min.js]
[hirelanes.netlify.app/assets/fonts/boxicons.eot]
[hirelanes.netlify.app/assets/fonts/boxicons.woff2]
[hirelanes.netlify.app/assets/fonts/boxicons.woff]
[hirelanes.netlify.app/assets/fonts/boxicons.ttf]
[hirelanes.netlify.app/assets/css/boxicons.min.css]
[hirelanes.netlify.app/assets/fonts/boxiconsd41dd41d.svg]
[hirelanes.netlify.app/assets/fonts/Flaticon.eot]
[hirelanes.netlify.app/assets/fonts/Flaticond41dd41d.eot]
[hirelanes.netlify.app/assets/fonts/Flaticon.woff2]
[hirelanes.netlify.app/assets/fonts/Flaticon.woff]
[hirelanes.netlify.app/assets/fonts/Flaticon.ttf]
[hirelanes.netlify.app/assets/fonts/flaticon.css]
[hirelanes.netlify.app/assets/css/magnific-popup.min.css]
[hirelanes.netlify.app/assets/css/odometer.min.css]
[hirelanes.netlify.app/assets/fonts/Flaticon.svg]
[hirelanes.netlify.app/assets/css/owl.carousel.min.css]
[hirelanes.netlify.app/assets/css/owl.theme.default.min.css]
[hirelanes.netlify.app/assets/css/animate.min.css]
[hirelanes.netlify.app/assets/img/home-one/explore-bg.jpg]
[hirelanes.netlify.app/assets/img/home-one/app-bg.jpg]
[hirelanes.netlify.app/assets/img/home-two/testimonial-bg.png]
[hirelanes.netlify.app/assets/img/home-three/system-bg.jpg]
[hirelanes.netlify.app/assets/img/page-title-bg.jpg]
[hirelanes.netlify.app/assets/img/resgister-bg.jpg]
[hirelanes.netlify.app/assets/img/faq-main.jpg]
[hirelanes.netlify.app/assets/css/style.css]
[hirelanes.netlify.app/assets/css/responsive.css]
[hirelanes.netlify.app/assets/img/night.png]
[hirelanes.netlify.app/assets/img/sunny.png]
[hirelanes.netlify.app/assets/css/theme-dark.css]
[hirelanes.netlify.app/assets/img/job-details-icon.png]
[hirelanes.netlify.app/jobs-2.html]
[hirelanes.netlify.app/assets/img/hirelanes-conatct.png]
[hirelanes.netlify.app/login.html]
[hirelanes.netlify.app/jobs.html]
[hirelanes.netlify.app/job-details8b8d.html]
[hirelanes.netlify.app/pricing.html]
[hirelanes.netlify.app/faq.html]
[hirelanes.netlify.app/privacy-policy.html]
[hirelanes.netlify.app/terms-conditions.html]
[hirelanes.netlify.app/invoice.html]
[hirelanes.netlify.app/terms-condition.64.delayed]
[hirelanes.netlify.app/contact.html]
[hirelanes.netlify.app/assets/img/about.jpg]
[hirelanes.netlify.app/assets/img/about-shape.png]
[hirelanes.netlify.app/about.html]
[cdnjs.cloudflare.com/ajax/libs/font-awesome/5.15.3/css/all.min.css]
[kit.fontawesome.com/a076d05399.68.delayed]
[code.jquery.com/jquery-3.4.1.js]
[hirelanes.netlify.app/single-resume.6a.delayed]
[hirelanes.netlify.app/candidate-details.html]
[hirelanes.netlify.app/website/css/bootstrap.min.css]
[hirelanes.netlify.app/website/css/line-awesome.css]
[hirelanes.netlify.app/website/css/owl.carousel.min.css]
[hirelanes.netlify.app/website/css/magnific-popup.css]
[hirelanes.netlify.app/website/css/daterangepicker.css]
[hirelanes.netlify.app/website/css/jquery-ui.css]
[hirelanes.netlify.app/website/css/chosen.min.css]
[hirelanes.netlify.app/website/css/style.css]
[cdnjs.cloudflare.com/ajax/libs/font-awesome/6.3.0/css/all.min.css]
[hirelanes.netlify.app/css/bootstrap.min.css]
[hirelanes.netlify.app/company-forgetpass.html]
[hirelanes.netlify.app/index-2.html]
[hirelanes.netlify.app/company-login-2.html]
[hirelanes.netlify.app/assets/js/custom2.js]
[hirelanes.netlify.app/website/js/jquery-3.4.1.min.js]
[hirelanes.netlify.app/website/js/jquery-ui.js]
[hirelanes.netlify.app/website/js/popper.min.js]
[hirelanes.netlify.app/website/js/bootstrap.min.js]
[hirelanes.netlify.app/website/js/owl.carousel.min.js]
[hirelanes.netlify.app/website/js/jquery.magnific-popup.min.js]
[hirelanes.netlify.app/website/js/isotope-3.0.6.min.js]
[hirelanes.netlify.app/website/js/chosen.min.js]
[hirelanes.netlify.app/website/js/moment.min.js]
[hirelanes.netlify.app/website/js/daterangepicker.js]
[hirelanes.netlify.app/website/js/purecounter.js]
[hirelanes.netlify.app/website/js/progresscircle.js]
[hirelanes.netlify.app/company-login.html]
[hirelanes.netlify.app/network_error.html]
[hirelanes.netlify.app/job-details.html]
[hirelanes.netlify.app/assets/fonts/boxiconsd41dd41d.svg]
[hirelanes.netlify.app/assets/fonts/Flaticon.svg]
[hirelanes.netlify.app/assets/css/owl.video.play.html]
[hirelanes.netlify.app/jobs-2.html]
[hirelanes.netlify.app/website/js/main.js]
[hirelanes.netlify.app/css/style.css]
[hirelanes.netlify.app/forget-pass.html]
[hirelanes.netlify.app/login.html]
[hirelanes.netlify.app/job-details8b8d.html]
[hirelanes.netlify.app/login-2.html]
[hirelanes.netlify.app/css/line-awesome.css]
[hirelanes.netlify.app/css/owl.carousel.min.css]
[hirelanes.netlify.app/css/magnific-popup.css]
[hirelanes.netlify.app/css/daterangepicker.css]
[hirelanes.netlify.app/css/jquery-ui.css]
[hirelanes.netlify.app/css/chosen.min.css]
[hirelanes.netlify.app/js/jquery-3.4.1.min.js]
[hirelanes.netlify.app/js/jquery-ui.js]
[hirelanes.netlify.app/js/popper.min.js]
[hirelanes.netlify.app/js/bootstrap.min.js]
[hirelanes.netlify.app/js/owl.carousel.min.js]
[hirelanes.netlify.app/js/jquery.magnific-popup.min.js]
[hirelanes.netlify.app/js/isotope-3.0.6.min.js]
[hirelanes.netlify.app/js/chosen.min.js]
[hirelanes.netlify.app/js/moment.min.js]
[hirelanes.netlify.app/js/daterangepicker.js]
[hirelanes.netlify.app/js/purecounter.js]
[hirelanes.netlify.app/js/progresscircle.js]
[hirelanes.netlify.app/invoice.html]
[hirelanes.netlify.app/terms-condition.html]
[cdnjs.cloudflare.com/ajax/libs/font-awesome/5.15.3/css/all.min.css]
[kit.fontawesome.com/a076d05399.html]
[hirelanes.netlify.app/single-resume.html]
[hirelanes.netlify.app/website/css/bootstrap.min.css]
[hirelanes.netlify.app/js/main.js]
[hirelanes.netlify.app/website/fonts/la-brands-400.eot]
[hirelanes.netlify.app/website/fonts/la-brands-400d41dd41d.eot]
[hirelanes.netlify.app/website/fonts/la-brands-400.woff2]
[hirelanes.netlify.app/website/fonts/la-brands-400.woff]
[hirelanes.netlify.app/website/fonts/la-brands-400.ttf]
[hirelanes.netlify.app/website/fonts/la-brands-400.svg]
[hirelanes.netlify.app/website/fonts/la-regular-400.eot]
[hirelanes.netlify.app/website/fonts/la-regular-400d41dd41d.eot]
[hirelanes.netlify.app/website/fonts/la-regular-400.woff2]
[hirelanes.netlify.app/website/fonts/la-regular-400.woff]
[hirelanes.netlify.app/website/fonts/la-regular-400.ttf]
[hirelanes.netlify.app/website/fonts/la-regular-400.svg]
[hirelanes.netlify.app/website/fonts/la-solid-900.eot]
[hirelanes.netlify.app/website/fonts/la-solid-900d41dd41d.eot]
[hirelanes.netlify.app/website/fonts/la-solid-900.woff2]
[hirelanes.netlify.app/website/fonts/la-solid-900.woff]
[hirelanes.netlify.app/website/fonts/la-solid-900.ttf]
[hirelanes.netlify.app/website/css/line-awesome.css]
[hirelanes.netlify.app/website/fonts/la-solid-900.svg]
[hirelanes.netlify.app/website/css/owl.carousel.min.css]
[hirelanes.netlify.app/website/css/owl.theme.default.min.css]
[hirelanes.netlify.app/website/css/magnific-popup.css]
[hirelanes.netlify.app/website/css/daterangepicker.css]
[hirelanes.netlify.app/website/css/jquery-ui.css]
[hirelanes.netlify.app/website/css/owl.video.play.html]
[hirelanes.netlify.app/website/images/chosen-sprite.png]
[hirelanes.netlify.app/website/images/chosen-sprite@2x.png]
[hirelanes.netlify.app/website/css/chosen.min.css]
[hirelanes.netlify.app/website/images/video-img.html]
[hirelanes.netlify.app/website/images/dots.png]
[hirelanes.netlify.app/website/images/contact-bg.jpg]
[hirelanes.netlify.app/website/images/img2.jpg]
[hirelanes.netlify.app/website/images/bread-bg.jpg]
[hirelanes.netlify.app/website/images/hero-bg.jpg]
[hirelanes.netlify.app/website/images/hero-bg2.jpg]
[hirelanes.netlify.app/website/images/hero-shape.png]
[hirelanes.netlify.app/website/images/hero-bg3.jpg]
[hirelanes.netlify.app/website/images/hero-shape2.png]
[hirelanes.netlify.app/website/images/hero-bg4.jpg]
[hirelanes.netlify.app/website/css/style.css]
[hirelanes.netlify.app/css/bootstrap.min.css]
[cdnjs.cloudflare.com/ajax/libs/font-awesome/6.3.0/css/all.min.css]
[hirelanes.netlify.app/company-signup.html]
[hirelanes.netlify.app/candidates.bf.delayed]
[hirelanes.netlify.app/company-forgetpass.html]
[hirelanes.netlify.app/index-2.html]
[hirelanes.netlify.app/company-login-2.html]
[hirelanes.netlify.app/images/video-img.c0.delayed]
[hirelanes.netlify.app/images/dots.c1.delayed]
[hirelanes.netlify.app/images/contact-bg.c2.delayed]
[hirelanes.netlify.app/images/img2.c3.delayed]
[hirelanes.netlify.app/images/bread-bg.c4.delayed]
[hirelanes.netlify.app/images/hero-bg.c5.delayed]
[hirelanes.netlify.app/images/hero-bg2.c6.delayed]
[hirelanes.netlify.app/images/hero-shape.c7.delayed]
[hirelanes.netlify.app/images/hero-bg3.c8.delayed]
[hirelanes.netlify.app/images/hero-shape2.c9.delayed]
[hirelanes.netlify.app/images/hero-bg4.ca.delayed]
[hirelanes.netlify.app/css/style.css]
[hirelanes.netlify.app/dashboard.cb.delayed]
[hirelanes.netlify.app/favourite-jobs.html]
[hirelanes.netlify.app/post-a-job.html]
[hirelanes.netlify.app/forget-pass.html]
[hirelanes.netlify.app/login-2.html]
[hirelanes.netlify.app/signup.html]
[hirelanes.netlify.app/fonts/la-brands-400.cf.delayed]
[hirelanes.netlify.app/fonts/la-brands-400d41d.d0d41d.delayed]
[hirelanes.netlify.app/fonts/la-brands-400.d1.delayed]
[hirelanes.netlify.app/fonts/la-brands-400.d2.delayed]
[hirelanes.netlify.app/fonts/la-brands-400.d3.delayed]
[hirelanes.netlify.app/fonts/la-brands-400.d4.delayed]
[hirelanes.netlify.app/fonts/la-regular-400.d5.delayed]
[hirelanes.netlify.app/fonts/la-regular-400d41d.d6d41d.delayed]
[hirelanes.netlify.app/fonts/la-regular-400.d7.delayed]
[hirelanes.netlify.app/fonts/la-regular-400.d8.delayed]
[hirelanes.netlify.app/fonts/la-regular-400.d9.delayed]
[hirelanes.netlify.app/fonts/la-regular-400.da.delayed]
[hirelanes.netlify.app/fonts/la-solid-900.db.delayed]
[hirelanes.netlify.app/fonts/la-solid-900d41d.dcd41d.delayed]
[hirelanes.netlify.app/fonts/la-solid-900.dd.delayed]
[hirelanes.netlify.app/fonts/la-solid-900.de.delayed]
[hirelanes.netlify.app/fonts/la-solid-900.df.delayed]
[hirelanes.netlify.app/fonts/la-solid-900.e0.delayed]
[hirelanes.netlify.app/css/line-awesome.css]
[hirelanes.netlify.app/css/owl.carousel.min.css]
[hirelanes.netlify.app/css/owl.theme.default.min.css]
[hirelanes.netlify.app/css/magnific-popup.css]
[hirelanes.netlify.app/css/daterangepicker.css]
[hirelanes.netlify.app/css/jquery-ui.css]
[hirelanes.netlify.app/css/owl.video.play.html]
[hirelanes.netlify.app/images/chosen-sprite.e2.delayed]
[hirelanes.netlify.app/images/chosen-sprite@2x.e3.delayed]
[hirelanes.netlify.app/css/chosen.min.css]
[hirelanes.netlify.app/website/fonts/la-brands-400.svg]
[hirelanes.netlify.app/website/fonts/la-regular-400.svg]
[hirelanes.netlify.app/website/fonts/la-solid-900.svg]
[techydevs.com/wp-content/plugins/litespeed-cache/assets/js/webfontloader.min.js]
[techydevs.com/wp-content/litespeed/css/0827e87e9c12dbcd03715b7db05ea8bbfa82.css]
[maxst.icons8.com/vue-static/landings/line-awesome/line-awesome/1.3.0/css/line-awesome.min3781.css]
[pro.fontawesome.com/releases/v5.10.0/css/all3781.css]
[techydevs.com/wp-includes/js/jquery/jquery.min5aed.js]
[techydevs.com/wp-content/litespeed/js/c3e6b97c0f1ad8137174bcd1587b7e86886b.js]
[techydevs.com/wp-content/plugins/google-analytics-for-wordpress/assets/js/frontend-gtag.min9220.js]
[techydevs.com/wp-content/litespeed/js/516a33e42e94c60e570ca785ba0eeaafd696.js]
[techydevs.com/wp-content/litespeed/js/5406b32920368225648fc009c24426e2d3e5.js]
[techydevs.com/wp-content/litespeed/js/e02324b1208f78affe6ec5631a284024f0ce.js]
[techydevs.com/wp-content/litespeed/js/94b59cc51b52c17a56f6987b55002996713d.js]
[techydevs.com/wp-content/litespeed/js/0bc3f17732d5af894e67f4d53af6627a8fab.js]
[techydevs.com/wp-content/litespeed/js/1c3dc130975fa7c16f000a3f807d9b2f46d8.js]
[techydevs.com/wp-content/litespeed/js/2e4a1dfaa9da5cf2a11c26648c887f7afd9e.js]
[techydevs.com/wp-content/litespeed/js/3d9628398f5831d02ec730dc904972bcb68d.js]
[techydevs.com/wp-content/litespeed/js/177a8f878e6b1ed5cf8314236cbe9c89cef6.js]
[techydevs.com/wp-content/litespeed/js/d64b618d498870a184c855707dd83428ae63.js]
[d1f8f9xcsvx3ha.cloudfront.net/sbl/0.7.4/fastspring-builder.min.js]
[techydevs.com/wp-content/uploads/2020/08/cropped-logo-32x32.png]
[techydevs.com/wp-content/uploads/2020/08/cropped-logo-192x192.png]
[techydevs.com/wp-content/uploads/2020/08/cropped-logo-180x180.png]
[techydevs.com/wp-content/themes/techydevs/assets/images/logo.png]
[techydevs.com/wp-content/themes/techydevs/assets/images/404.png]
[techydevs.com/wp-content/uploads/2020/08/logo.png]
[hirelanes.netlify.app/demos/themes/html/zobstar-demo/zobstar/css/owl.video.play.fc.delayed]
[maxcdn.bootstrapcdn.com/font-awesome/4.5.0/css/font-awesome.min.css]
[techydevs.com/wp-content/litespeed/js/fd42b42ffd819c2e4076f95e5cc15985cad4.js]
[techydevs.com/wp-content/litespeed/js/2c8650f056e4d4a3ba8d6d13f6a79279a95d.js]
[techydevs.com/wp-content/litespeed/js/dc13b874b694fbb1bcade2c8da8442dd1608.js]
[client.crisp.chat/l3781.js]
[techydevs.com/wp-content/litespeed/js/b98cfe6bdd111fcfa580f2955b0f98879741.js]
[techydevs.com/wp-content/litespeed/js/4ef93a50ef43143f96e9d0c2d12e6e33359b.js]
[techydevs.com/wp-content/litespeed/js/259a7152752631e8cdb85ec7973436c6615a.js]
[techydevs.com/wp-content/litespeed/js/455526061fc87e777928198daf28bc14f2e4.js]
[techydevs.com/wp-content/litespeed/js/266e9e839e71631662b2e8d9f05f8ff4c51f.js]
[techydevs.com/wp-content/litespeed/js/d7dc8062a7c981105c529f8555216e54e763.js]
[techydevs.com/wp-content/themes/techydevs/assets/js/tilt.jquery.min8a54.js]
[techydevs.com/wp-content/litespeed/js/57dfc3738b4274cdc30f21fba5f8e0a1cffb.js]
[techydevs.com/wp-content/litespeed/js/2d457aee6fff74e9f964062fd7d9265f9c3f.js]
[hirelanes.netlify.app/website/css/owl.video.play.html]
[hirelanes.netlify.app/demos/themes/html/zobstar-demo/zobstar/images/video-img.10b.delayed]
[techydevs.com/wp-content/litespeed/js/fd42b42ffd819c2e4076f95e5cc15985e2a3.js]
[techydevs.com/wp-content/litespeed/js/2d457aee6fff74e9f964062fd7d9265f270f.js]
[hirelanes.netlify.app/website/images/video-img.html]
[hirelanes.netlify.app/company-signup.html]
[hirelanes.netlify.app/candidates.html]
[hirelanes.netlify.app/images/video-img.html]
[hirelanes.netlify.app/images/dots.html]
[hirelanes.netlify.app/images/contact-bg.html]
[hirelanes.netlify.app/images/img2.html]
[hirelanes.netlify.app/images/bread-bg.html]
[hirelanes.netlify.app/images/hero-bg.html]
[hirelanes.netlify.app/images/hero-bg2.html]
[hirelanes.netlify.app/images/hero-shape.html]
[hirelanes.netlify.app/images/hero-bg3.html]
[hirelanes.netlify.app/images/hero-shape2.html]
[hirelanes.netlify.app/images/hero-bg4.html]
[hirelanes.netlify.app/dashboard.html]
[hirelanes.netlify.app/job-details-2.html]
[hirelanes.netlify.app/assets/img/home-one/job1.png]
[hirelanes.netlify.app/assets/img/home-one/job2.png]
[hirelanes.netlify.app/assets/img/home-one/job3.png]
[hirelanes.netlify.app/assets/img/home-one/job4.png]
[hirelanes.netlify.app/assets/img/home-one/job5.png]
[hirelanes.netlify.app/assets/img/home-one/job6.png]
[hirelanes.netlify.app/assets/img/home-one/job7.png]
[hirelanes.netlify.app/assets/img/home-one/job8.png]
[hirelanes.netlify.app/assets/img/home-one/job9.png]
[hirelanes.netlify.app/assets/img/home-one/job10.png]
[hirelanes.netlify.app/assets/img/home-one/job11.png]
[hirelanes.netlify.app/assets/img/home-one/job12.png]
[hirelanes.netlify.app/blog.11b.delayed]
[hirelanes.netlify.app/favourite-jobs.html]
[hirelanes.netlify.app/applied_candidates.html]
[hirelanes.netlify.app/js/postjob.11d.delayed]
[hirelanes.netlify.app/post-a-job.html]
[hirelanes.netlify.app/signup.html]
[hirelanes.netlify.app/fonts/la-brands-400.html]
[hirelanes.netlify.app/fonts/la-brands-400d41dd41d.html]
[hirelanes.netlify.app/fonts/la-brands-401.html]
[hirelanes.netlify.app/fonts/la-brands-402.html]
[hirelanes.netlify.app/fonts/la-brands-403.html]
[hirelanes.netlify.app/fonts/la-brands-404.html]
[hirelanes.netlify.app/fonts/la-regular-400.html]
[hirelanes.netlify.app/fonts/la-regular-400d41dd41d.html]
[hirelanes.netlify.app/fonts/la-regular-401.html]
[hirelanes.netlify.app/fonts/la-regular-402.html]
[hirelanes.netlify.app/fonts/la-regular-403.html]
[hirelanes.netlify.app/fonts/la-regular-404.html]
[hirelanes.netlify.app/fonts/la-solid-900.html]
[hirelanes.netlify.app/fonts/la-solid-900d41dd41d.html]
[hirelanes.netlify.app/fonts/la-solid-901.html]
[hirelanes.netlify.app/fonts/la-solid-902.html]
[hirelanes.netlify.app/fonts/la-solid-903.html]
[hirelanes.netlify.app/fonts/la-solid-904.html]
[hirelanes.netlify.app/css/owl.video.play.html]
[hirelanes.netlify.app/images/chosen-sprite.html]
[hirelanes.netlify.app/images/chosen-sprite@2x.html]
[techydevs.com/wp-content/plugins/litespeed-cache/assets/js/webfontloader.min.js]
[techydevs.com/wp-content/litespeed/css/0827e87e9c12dbcd03715b7db05ea8bbfa82.html]
[maxst.icons8.com/vue-static/landings/line-awesome/line-awesome/1.3.0/css/line-awesome.min3781.css]
[pro.fontawesome.com/releases/v5.10.0/css/all3781.css]
[techydevs.com/wp-includes/js/jquery/jquery.min5aed.js]
[techydevs.com/wp-content/litespeed/js/c3e6b97c0f1ad8137174bcd1587b7e86886b.html]
[techydevs.com/wp-content/plugins/google-analytics-for-wordpress/assets/js/frontend-gtag.min9220.js]
[techydevs.com/wp-content/litespeed/js/516a33e42e94c60e570ca785ba0eeaafd696.html]
[techydevs.com/wp-content/litespeed/js/5406b32920368225648fc009c24426e2d3e5.html]
[techydevs.com/wp-content/litespeed/js/e02324b1208f78affe6ec5631a284024f0ce.html]
[techydevs.com/wp-content/litespeed/js/94b59cc51b52c17a56f6987b55002996713d.html]
[techydevs.com/wp-content/litespeed/js/0bc3f17732d5af894e67f4d53af6627a8fab.html]
[techydevs.com/wp-content/litespeed/js/1c3dc130975fa7c16f000a3f807d9b2f46d8.html]
[techydevs.com/wp-content/litespeed/js/2e4a1dfaa9da5cf2a11c26648c887f7afd9e.html]
[techydevs.com/wp-content/litespeed/js/3d9628398f5831d02ec730dc904972bcb68d.html]
[techydevs.com/wp-content/litespeed/js/177a8f878e6b1ed5cf8314236cbe9c89cef6.html]
[techydevs.com/wp-content/litespeed/js/d64b618d498870a184c855707dd83428ae63.html]
[hirelanes.netlify.app/demos/themes/html/zobstar-demo/zobstar/css/owl.video.play.html]
[maxcdn.bootstrapcdn.com/font-awesome/4.5.0/css/font-awesome.min.css]
[techydevs.com/wp-content/litespeed/js/fd42b42ffd819c2e4076f95e5cc15985cad4.html]
[techydevs.com/wp-content/litespeed/js/2c8650f056e4d4a3ba8d6d13f6a79279a95d.html]
[techydevs.com/wp-content/litespeed/js/dc13b874b694fbb1bcade2c8da8442dd1608.html]
[techydevs.com/wp-content/litespeed/js/b98cfe6bdd111fcfa580f2955b0f98879741.html]
[techydevs.com/wp-content/litespeed/js/4ef93a50ef43143f96e9d0c2d12e6e33359b.html]
[techydevs.com/wp-content/litespeed/js/259a7152752631e8cdb85ec7973436c6615a.html]
[techydevs.com/wp-content/litespeed/js/455526061fc87e777928198daf28bc14f2e4.html]
[techydevs.com/wp-content/litespeed/js/266e9e839e71631662b2e8d9f05f8ff4c51f.html]
[techydevs.com/wp-content/litespeed/js/d7dc8062a7c981105c529f8555216e54e763.html]
[techydevs.com/wp-content/themes/techydevs/assets/js/tilt.jquery.min8a54.js]
[techydevs.com/wp-content/litespeed/js/57dfc3738b4274cdc30f21fba5f8e0a1cffb.html]
[techydevs.com/wp-content/litespeed/js/2d457aee6fff74e9f964062fd7d9265f9c3f.html]
[hirelanes.netlify.app/demos/themes/html/zobstar-demo/zobstar/images/video-img.html]
[techydevs.com/wp-content/litespeed/js/fd42b42ffd819c2e4076f95e5cc15985e2a3.html]
[techydevs.com/wp-content/litespeed/js/2d457aee6fff74e9f964062fd7d9265f270f.html]
[hirelanes.netlify.app/job-details-2.html]
[hirelanes.netlify.app/blog.html]
[hirelanes.netlify.app/applied_candidates.html]
[hirelanes.netlify.app/js/postjob.html]
[hirelanes.netlify.app/candidate-details-2.html]
[hirelanes.netlify.app/candidate-details-2.html]
